<?xml version="1.0" encoding="UTF-8"?>
<!-- Generated by org.testng.reporters.JUnitReportReporter -->
<testsuite hostname="LAPTOP-V2IHHREB" failures="0" tests="1" name="Runnerfile.Runner" time="14.488" errors="0" timestamp="15 Nov 2022 05:08:36 GMT" skipped="0">
  <testcase classname="Runnerfile.Runner" name="feature" time="14.488"/>
</testsuite> <!-- Runnerfile.Runner -->
