<?xml version="1.0" encoding="UTF-8"?>
<!-- Generated by org.testng.reporters.JUnitReportReporter -->
<testsuite hostname="LAPTOP-RB73I23S" failures="0" tests="1" name="Runnerfile.Runner" time="18.113" errors="0" timestamp="14 Nov 2022 11:27:47 GMT" skipped="0">
  <testcase classname="Runnerfile.Runner" name="feature" time="18.113"/>
</testsuite> <!-- Runnerfile.Runner -->
